2017-12-13 18:40:10,411 - __main__ - INFO - time=1513219210 weight=102 bad_fish=*.amazoncookbooks2018.tk http_status=-1

2017-12-13 18:40:12,685 - __main__ - INFO - time=1513219212 weight=102 bad_fish=amazoncookbooks2018.tk http_status=-1

2017-12-13 18:40:13,659 - __main__ - INFO - time=1513219213 weight=103 bad_fish=*.bestamazonkindleenovels.tk http_status=-1

2017-12-13 18:40:13,883 - __main__ - INFO - time=1513219213 weight=103 bad_fish=bestamazonkindleenovels.tk http_status=200

2017-12-13 18:40:16,350 - __main__ - INFO - time=1513219216 weight=82 bad_fish=*.stellarjackpot.com http_status=-1

2017-12-13 18:40:17,100 - __main__ - INFO - time=1513219217 weight=82 bad_fish=stellarjackpot.com http_status=200

2017-12-13 18:40:18,565 - __main__ - INFO - time=1513219218 weight=83 bad_fish=*.vipamazondeals.com http_status=-1

2017-12-13 18:40:19,335 - __main__ - INFO - time=1513219219 weight=83 bad_fish=vipamazondeals.com http_status=200

2017-12-13 18:40:21,292 - __main__ - INFO - time=1513219221 weight=72 bad_fish=*.everythingforex.info http_status=-1

2017-12-13 18:40:22,153 - __main__ - INFO - time=1513219222 weight=72 bad_fish=everythingforex.info http_status=200

2017-12-13 18:40:28,135 - __main__ - INFO - time=1513219228 weight=81 bad_fish=*.stellardoubledoors.com http_status=-1

2017-12-13 18:40:28,241 - __main__ - INFO - time=1513219228 weight=81 bad_fish=stellardoubledoors.com http_status=200

2017-12-13 18:42:14,784 - __main__ - INFO - time=1513219334 weight=73 bad_fish=safeglazewindows.co.uk http_status=-1

2017-12-13 18:42:17,144 - __main__ - INFO - time=1513219337 weight=74 bad_fish=cpanel.safeglazewindows.co.uk http_status=-1

2017-12-13 18:42:19,357 - __main__ - INFO - time=1513219339 weight=73 bad_fish=mail.safeglazewindows.co.uk http_status=-1

2017-12-13 18:42:21,718 - __main__ - INFO - time=1513219341 weight=73 bad_fish=webdisk.safeglazewindows.co.uk http_status=-1

2017-12-13 18:42:24,086 - __main__ - INFO - time=1513219344 weight=73 bad_fish=webmail.safeglazewindows.co.uk http_status=-1

2017-12-13 18:42:26,301 - __main__ - INFO - time=1513219346 weight=72 bad_fish=www.safeglazewindows.co.uk http_status=-1

2017-12-13 18:42:44,594 - __main__ - INFO - time=1513219364 weight=101 bad_fish=www.printingmail.com http_status=404

2017-12-13 18:42:44,929 - __main__ - INFO - time=1513219364 weight=100 bad_fish=printingmail.com http_status=404

2017-12-13 18:42:51,187 - __main__ - INFO - time=1513219371 weight=68 bad_fish=www.cdsprofessionalservices.info http_status=200

2017-12-13 18:42:54,426 - __main__ - INFO - time=1513219374 weight=90 bad_fish=www.theprelude.org http_status=200

2017-12-13 18:43:30,019 - __main__ - INFO - time=1513219410 weight=81 bad_fish=*.stellardoubledoors.com http_status=-1

2017-12-13 18:43:30,109 - __main__ - INFO - time=1513219410 weight=81 bad_fish=stellardoubledoors.com http_status=200

2017-12-13 18:43:32,664 - __main__ - INFO - time=1513219412 weight=71 bad_fish=*.aliforexn.tk http_status=-1

2017-12-13 18:43:33,061 - __main__ - INFO - time=1513219413 weight=71 bad_fish=aliforexn.tk http_status=200

2017-12-13 18:43:33,144 - __main__ - INFO - time=1513219413 weight=102 bad_fish=*.amazoncookbooks2018.tk http_status=-1

2017-12-13 18:43:35,478 - __main__ - INFO - time=1513219415 weight=102 bad_fish=amazoncookbooks2018.tk http_status=200

2017-12-13 18:43:43,078 - __main__ - INFO - time=1513219423 weight=92 bad_fish=ungateamazoncategory.com http_status=403

2017-12-13 18:43:43,899 - __main__ - INFO - time=1513219423 weight=93 bad_fish=cpanel.ungateamazoncategory.com http_status=401

2017-12-13 18:43:46,660 - __main__ - INFO - time=1513219426 weight=93 bad_fish=mail.ungateamazoncategory.com http_status=403

2017-12-13 18:43:47,441 - __main__ - INFO - time=1513219427 weight=96 bad_fish=webdisk.ungateamazoncategory.com http_status=401

2017-12-13 18:43:53,805 - __main__ - INFO - time=1513219433 weight=69 bad_fish=*.somebodyfreeonlinedatingservicesforsingles.party http_status=-1

2017-12-13 18:43:56,412 - __main__ - INFO - time=1513219436 weight=69 bad_fish=somebodyfreeonlinedatingservicesforsingles.party http_status=200

2017-12-13 18:44:02,324 - __main__ - INFO - time=1513219442 weight=69 bad_fish=btcwallets.info http_status=200

2017-12-13 18:44:02,949 - __main__ - INFO - time=1513219442 weight=71 bad_fish=mail.btcwallets.info http_status=200

2017-12-13 18:44:03,548 - __main__ - INFO - time=1513219443 weight=69 bad_fish=www.btcwallets.info http_status=200

2017-12-13 18:44:08,151 - __main__ - INFO - time=1513219448 weight=214 bad_fish=for.appleid.sys-true.info http_status=200

2017-12-13 18:44:14,242 - __main__ - INFO - time=1513219454 weight=80 bad_fish=*.bocexkler.tk http_status=-1

2017-12-13 18:44:15,365 - __main__ - INFO - time=1513219455 weight=80 bad_fish=bocexkler.tk http_status=200

2017-12-13 18:44:41,918 - __main__ - INFO - time=1513219481 weight=88 bad_fish=googleshop.org http_status=403

2017-12-13 18:44:43,190 - __main__ - INFO - time=1513219483 weight=91 bad_fish=cpanel.googleshop.org http_status=401

2017-12-13 18:44:43,558 - __main__ - INFO - time=1513219483 weight=91 bad_fish=mail.googleshop.org http_status=403

2017-12-13 18:44:44,738 - __main__ - INFO - time=1513219484 weight=92 bad_fish=webdisk.googleshop.org http_status=401

2017-12-13 18:44:46,071 - __main__ - INFO - time=1513219486 weight=92 bad_fish=webmail.googleshop.org http_status=401

2017-12-13 18:44:46,407 - __main__ - INFO - time=1513219486 weight=89 bad_fish=www.googleshop.org http_status=403

2017-12-13 18:51:52,455 - __main__ - INFO - time=1513219912 weight=80 bad_fish=*.tupamazon.com http_status=-1

2017-12-13 18:51:52,773 - __main__ - INFO - time=1513219912 weight=80 bad_fish=tupamazon.com http_status=200

2017-12-13 18:51:57,173 - __main__ - INFO - time=1513219917 weight=69 bad_fish=alekseypankra.gtaproservice.xyz http_status=200

2017-12-13 18:51:57,439 - __main__ - INFO - time=1513219917 weight=69 bad_fish=mail.alekseypankra.gtaproservice.xyz http_status=200

2017-12-13 18:51:59,251 - __main__ - INFO - time=1513219919 weight=70 bad_fish=webmail.alekseypankra.gtaproservice.xyz http_status=401

2017-12-13 18:51:59,412 - __main__ - INFO - time=1513219919 weight=69 bad_fish=www.alekseypankra.gtaproservice.xyz http_status=200

2017-12-13 18:52:03,747 - __main__ - INFO - time=1513219923 weight=94 bad_fish=confrimation-alert-update.ga http_status=200

2017-12-13 18:52:04,106 - __main__ - INFO - time=1513219924 weight=115 bad_fish=imdsa.signin.confrimation-alert-update.ga http_status=403

2017-12-13 18:52:05,205 - __main__ - INFO - time=1513219925 weight=73 bad_fish=helpandsupport.info http_status=403

2017-12-13 18:52:05,488 - __main__ - INFO - time=1513219925 weight=74 bad_fish=mail.helpandsupport.info http_status=403

2017-12-13 18:52:05,863 - __main__ - INFO - time=1513219925 weight=73 bad_fish=www.helpandsupport.info http_status=403

2017-12-13 18:52:06,331 - __main__ - INFO - time=1513219926 weight=82 bad_fish=margit-zsofia.hu http_status=200

2017-12-13 18:52:07,541 - __main__ - INFO - time=1513219927 weight=85 bad_fish=cpanel.margit-zsofia.hu http_status=401

2017-12-13 18:52:07,977 - __main__ - INFO - time=1513219927 weight=82 bad_fish=mail.margit-zsofia.hu http_status=200

2017-12-13 18:52:09,161 - __main__ - INFO - time=1513219929 weight=85 bad_fish=webdisk.margit-zsofia.hu http_status=401

2017-12-13 18:52:10,373 - __main__ - INFO - time=1513219930 weight=84 bad_fish=webmail.margit-zsofia.hu http_status=401

2017-12-13 18:52:10,974 - __main__ - INFO - time=1513219930 weight=82 bad_fish=www.margit-zsofia.hu http_status=200

2017-12-13 18:52:11,530 - __main__ - INFO - time=1513219931 weight=94 bad_fish=support-account-activity-help.com http_status=200

2017-12-13 18:52:11,841 - __main__ - INFO - time=1513219931 weight=95 bad_fish=mail.support-account-activity-help.com http_status=200

2017-12-13 18:52:12,246 - __main__ - INFO - time=1513219932 weight=95 bad_fish=www.support-account-activity-help.com http_status=200

2017-12-13 18:52:12,828 - __main__ - INFO - time=1513219932 weight=91 bad_fish=www.irancoinbase.com http_status=200

2017-12-13 18:52:12,937 - __main__ - INFO - time=1513219932 weight=92 bad_fish=*.blockchainlesscoins.com http_status=-1

2017-12-13 18:52:13,097 - __main__ - INFO - time=1513219933 weight=92 bad_fish=blockchainlesscoins.com http_status=200

2017-12-13 18:52:13,895 - __main__ - INFO - time=1513219933 weight=75 bad_fish=verify.problema-mail-acuenta.ml http_status=200

2017-12-13 18:52:14,331 - __main__ - INFO - time=1513219934 weight=205 bad_fish=paypal.com-secured.manpowergroupglobal.org http_status=200

2017-12-13 18:52:24,290 - __main__ - INFO - time=1513219944 weight=89 bad_fish=stellarsafaris.com http_status=200

2017-12-13 18:52:26,258 - __main__ - INFO - time=1513219946 weight=91 bad_fish=cpanel.stellarsafaris.com http_status=401

2017-12-13 18:52:27,773 - __main__ - INFO - time=1513219947 weight=90 bad_fish=mail.stellarsafaris.com http_status=200

2017-12-13 18:52:30,149 - __main__ - INFO - time=1513219950 weight=92 bad_fish=webdisk.stellarsafaris.com http_status=-1

2017-12-13 18:52:31,257 - __main__ - INFO - time=1513219951 weight=91 bad_fish=webmail.stellarsafaris.com http_status=401

2017-12-13 18:52:32,137 - __main__ - INFO - time=1513219952 weight=90 bad_fish=www.stellarsafaris.com http_status=200

2017-12-13 18:52:38,552 - __main__ - INFO - time=1513219958 weight=94 bad_fish=support-activity-account-help.com http_status=200

2017-12-13 18:52:44,491 - __main__ - INFO - time=1513219964 weight=79 bad_fish=www.sofiaboito.com http_status=200

2017-12-13 18:52:46,064 - __main__ - INFO - time=1513219966 weight=102 bad_fish=*.amazoncookbooks2018.tk http_status=-1

2017-12-13 18:52:48,327 - __main__ - INFO - time=1513219968 weight=102 bad_fish=amazoncookbooks2018.tk http_status=-1

2017-12-13 18:52:48,522 - __main__ - INFO - time=1513219968 weight=70 bad_fish=*.forexing.tk http_status=-1

2017-12-13 18:52:49,161 - __main__ - INFO - time=1513219969 weight=70 bad_fish=forexing.tk http_status=200

2017-12-13 18:52:50,913 - __main__ - INFO - time=1513219970 weight=83 bad_fish=1rbcroyalsupportsecure.top http_status=200

2017-12-13 18:52:51,756 - __main__ - INFO - time=1513219971 weight=75 bad_fish=veriflog-inauthorized.com http_status=200

2017-12-13 18:52:52,227 - __main__ - INFO - time=1513219972 weight=75 bad_fish=mail.veriflog-inauthorized.com http_status=200

2017-12-13 18:52:52,747 - __main__ - INFO - time=1513219972 weight=75 bad_fish=www.veriflog-inauthorized.com http_status=200

2017-12-13 18:52:53,906 - __main__ - INFO - time=1513219973 weight=69 bad_fish=workmansupportservices.nl http_status=200

2017-12-13 18:52:55,329 - __main__ - INFO - time=1513219975 weight=70 bad_fish=autodiscover.workmansupportservices.nl http_status=400

2017-12-13 18:52:56,778 - __main__ - INFO - time=1513219976 weight=70 bad_fish=cpanel.workmansupportservices.nl http_status=401

2017-12-13 18:52:57,830 - __main__ - INFO - time=1513219977 weight=70 bad_fish=mail.workmansupportservices.nl http_status=200

2017-12-13 18:52:58,991 - __main__ - INFO - time=1513219978 weight=70 bad_fish=webdisk.workmansupportservices.nl http_status=401

2017-12-13 18:53:00,333 - __main__ - INFO - time=1513219980 weight=70 bad_fish=webmail.workmansupportservices.nl http_status=401

2017-12-13 18:53:01,319 - __main__ - INFO - time=1513219981 weight=69 bad_fish=www.workmansupportservices.nl http_status=200

2017-12-13 18:53:01,847 - __main__ - INFO - time=1513219981 weight=102 bad_fish=*.amazonkindlecom.ga http_status=-1

2017-12-13 18:53:03,496 - __main__ - INFO - time=1513219983 weight=102 bad_fish=amazonkindlecom.ga http_status=200

2017-12-13 18:53:04,375 - __main__ - INFO - time=1513219984 weight=99 bad_fish=*.ebookamazon.xyz http_status=-1

2017-12-13 18:53:04,732 - __main__ - INFO - time=1513219984 weight=99 bad_fish=ebookamazon.xyz http_status=-1

2017-12-13 18:53:05,860 - __main__ - INFO - time=1513219985 weight=93 bad_fish=amazonguru.delametyinternety.cz http_status=200

2017-12-13 18:53:06,398 - __main__ - INFO - time=1513219986 weight=94 bad_fish=www.amazonguru.delametyinternety.cz http_status=200

2017-12-13 18:53:06,920 - __main__ - INFO - time=1513219986 weight=81 bad_fish=*.stellardoubledoors.com http_status=-1

2017-12-13 18:53:07,015 - __main__ - INFO - time=1513219987 weight=81 bad_fish=stellardoubledoors.com http_status=200

2017-12-13 18:53:08,495 - __main__ - INFO - time=1513219988 weight=80 bad_fish=mail.filosofia-catalana.com http_status=403

2017-12-13 18:53:08,925 - __main__ - INFO - time=1513219988 weight=92 bad_fish=outlook.ausbildung.de http_status=404

2017-12-13 18:53:10,384 - __main__ - INFO - time=1513219990 weight=80 bad_fish=dishesofindia.com http_status=200

2017-12-13 18:53:11,169 - __main__ - INFO - time=1513219991 weight=81 bad_fish=www.dishesofindia.com http_status=200

2017-12-13 18:53:12,130 - __main__ - INFO - time=1513219992 weight=103 bad_fish=accountidmanageservice.tk http_status=200

2017-12-13 18:53:12,930 - __main__ - INFO - time=1513219992 weight=103 bad_fish=accountidmanageservice.ml http_status=200

2017-12-13 18:53:14,086 - __main__ - INFO - time=1513219994 weight=84 bad_fish=alertmanager.g8s.gauss.eu-central-1.aws.gigantic.io http_status=401

2017-12-13 18:53:15,226 - __main__ - INFO - time=1513219995 weight=103 bad_fish=accountidmanageservice.ga http_status=-1

2017-12-13 18:53:15,719 - __main__ - INFO - time=1513219995 weight=89 bad_fish=stellardtx.com http_status=200

2017-12-13 18:53:16,624 - __main__ - INFO - time=1513219996 weight=103 bad_fish=accountidmanageservice.cf http_status=-1

2017-12-13 18:53:16,855 - __main__ - INFO - time=1513219996 weight=72 bad_fish=*.forexbinaryroad.info http_status=-1

2017-12-13 18:53:18,016 - __main__ - INFO - time=1513219998 weight=72 bad_fish=forexbinaryroad.info http_status=200

2017-12-13 18:53:20,124 - __main__ - INFO - time=1513220000 weight=70 bad_fish=support.cryptosaurus.cc http_status=200

2017-12-13 18:53:22,097 - __main__ - INFO - time=1513220002 weight=68 bad_fish=support.simplydelivery.de http_status=200

2017-12-13 18:53:22,875 - __main__ - INFO - time=1513220002 weight=103 bad_fish=accountidmanageservice.gq http_status=200

2017-12-13 18:53:23,559 - __main__ - INFO - time=1513220003 weight=211 bad_fish=paypal.com-eg-cgi.bin-webscr.mpp.home.clinicabuttros.com.br http_status=403

2017-12-13 18:53:24,846 - __main__ - INFO - time=1513220004 weight=70 bad_fish=update.onestep.cc http_status=200

2017-12-13 18:53:45,479 - __main__ - INFO - time=1513220025 weight=90 bad_fish=www.stellardtx.com http_status=200

2017-12-13 18:53:52,544 - __main__ - INFO - time=1513220032 weight=80 bad_fish=shop.sofipack.it http_status=503

2017-12-13 18:53:56,096 - __main__ - INFO - time=1513220036 weight=90 bad_fish=irancoinbase.com http_status=200

2017-12-13 18:53:57,787 - __main__ - INFO - time=1513220037 weight=89 bad_fish=accounts-device-manager.ml http_status=200

2017-12-13 18:53:58,054 - __main__ - INFO - time=1513220038 weight=89 bad_fish=mail.accounts-device-manager.ml http_status=200

2017-12-13 18:53:58,333 - __main__ - INFO - time=1513220038 weight=82 bad_fish=www.accounts-device-manager.master-fusion-org.com http_status=200

2017-12-13 18:53:58,601 - __main__ - INFO - time=1513220038 weight=89 bad_fish=www.accounts-device-manager.ml http_status=200

2017-12-13 18:54:07,851 - __main__ - INFO - time=1513220047 weight=92 bad_fish=cuentahotmail.org http_status=200

2017-12-13 18:54:10,335 - __main__ - INFO - time=1513220050 weight=92 bad_fish=www.cuentahotmail.org http_status=200

2017-12-13 18:54:15,889 - __main__ - INFO - time=1513220055 weight=80 bad_fish=www.yogawithsofia.com http_status=404

2017-12-13 18:54:16,045 - __main__ - INFO - time=1513220056 weight=81 bad_fish=yogawithsofia.com http_status=404

2017-12-13 18:54:40,613 - __main__ - INFO - time=1513220080 weight=68 bad_fish=event-coc-2017-2018.claim-daily.win http_status=200

2017-12-13 18:54:40,696 - __main__ - INFO - time=1513220080 weight=68 bad_fish=mail.event-coc-2017-2018.claim-daily.win http_status=200

2017-12-13 18:54:40,783 - __main__ - INFO - time=1513220080 weight=68 bad_fish=www.event-coc-2017-2018.claim-daily.win http_status=200

2017-12-13 18:54:41,947 - __main__ - INFO - time=1513220081 weight=82 bad_fish=cancelpurchaseapporder.ga http_status=200

2017-12-13 18:54:42,313 - __main__ - INFO - time=1513220082 weight=83 bad_fish=www.cancelpurchaseapporder.ga http_status=200

2017-12-13 18:54:53,881 - __main__ - INFO - time=1513220093 weight=91 bad_fish=www.coinbaseiran.com http_status=-1

2017-12-13 18:54:58,960 - __main__ - INFO - time=1513220098 weight=81 bad_fish=www.facesofiran.com http_status=200

2017-12-13 18:55:00,443 - __main__ - INFO - time=1513220100 weight=75 bad_fish=www.northpacificexecutiverentals.com http_status=200

2017-12-13 18:55:00,723 - __main__ - INFO - time=1513220100 weight=74 bad_fish=northpacificexecutiverentals.com http_status=200

2017-12-13 18:55:07,084 - __main__ - INFO - time=1513220107 weight=80 bad_fish=*.tupamazon.com http_status=-1

2017-12-13 18:55:07,317 - __main__ - INFO - time=1513220107 weight=80 bad_fish=tupamazon.com http_status=200

2017-12-13 18:55:08,436 - __main__ - INFO - time=1513220108 weight=74 bad_fish=financialservices.sberbank.demo.hybris.com http_status=-1

2017-12-13 18:55:09,433 - __main__ - INFO - time=1513220109 weight=68 bad_fish=insurance.sberbank.demo.hybris.com http_status=-1

2017-12-13 18:55:14,170 - __main__ - INFO - time=1513220114 weight=72 bad_fish=secure-online-account.butancenter.ir http_status=403

2017-12-13 18:55:14,470 - __main__ - INFO - time=1513220114 weight=73 bad_fish=www.secure-online-account.butancenter.ir http_status=403

2017-12-13 18:55:16,774 - __main__ - INFO - time=1513220116 weight=74 bad_fish=statement-confrimation-pageupdates.ga http_status=200

2017-12-13 18:55:19,255 - __main__ - INFO - time=1513220119 weight=77 bad_fish=gmxmail.ru http_status=200

2017-12-13 18:55:19,588 - __main__ - INFO - time=1513220119 weight=77 bad_fish=mail.gmxmail.ru http_status=404

2017-12-13 18:55:19,922 - __main__ - INFO - time=1513220119 weight=79 bad_fish=pop.gmxmail.ru http_status=404

2017-12-13 18:55:20,255 - __main__ - INFO - time=1513220120 weight=80 bad_fish=smtp.gmxmail.ru http_status=404

2017-12-13 18:55:20,978 - __main__ - INFO - time=1513220120 weight=78 bad_fish=www.gmxmail.ru http_status=200

